<?xml version="1.0" encoding="UTF-8"?>
<testsuite name="toby.salon.refactoring.chapter1.StatementTest" tests="1" skipped="0" failures="0" errors="0" timestamp="2025-01-15T11:30:37" hostname="jeongsang-yun-ui-MacBookAir.local" time="0.013">
  <properties/>
  <testcase name="청구 내역 테스트" classname="toby.salon.refactoring.chapter1.StatementTest" time="0.013"/>
  <system-out><![CDATA[]]></system-out>
  <system-err><![CDATA[]]></system-err>
</testsuite>
